{"/home/spuxx/dev/jslibs/packages/nest-testing/src/main.ts": {"path":"/home/spuxx/dev/jslibs/packages/nest-testing/src/main.ts","all":true,"statementMap":{"0":{"start":{"line":1,"column":0},"end":{"line":1,"column":83}},"1":{"start":{"line":2,"column":0},"end":{"line":2,"column":80}},"2":{"start":{"line":3,"column":0},"end":{"line":3,"column":56}},"3":{"start":{"line":4,"column":0},"end":{"line":4,"column":83}},"4":{"start":{"line":5,"column":0},"end":{"line":5,"column":28}},"5":{"start":{"line":6,"column":0},"end":{"line":6,"column":28}},"6":{"start":{"line":7,"column":0},"end":{"line":7,"column":26}}},"s":{"0":0,"1":0,"2":0,"3":0,"4":0,"5":0,"6":0},"branchMap":{"0":{"type":"branch","line":1,"loc":{"start":{"line":1,"column":390},"end":{"line":7,"column":26}},"locations":[{"start":{"line":1,"column":390},"end":{"line":7,"column":26}}]}},"b":{"0":[0]},"fnMap":{"0":{"name":"(empty-report)","decl":{"start":{"line":1,"column":390},"end":{"line":7,"column":26}},"loc":{"start":{"line":1,"column":390},"end":{"line":7,"column":26}},"line":1}},"f":{"0":0}}
,"/home/spuxx/dev/jslibs/packages/nest-testing/src/container/index.ts": {"path":"/home/spuxx/dev/jslibs/packages/nest-testing/src/container/index.ts","all":false,"statementMap":{"0":{"start":{"line":1,"column":0},"end":{"line":1,"column":33}},"1":{"start":{"line":2,"column":0},"end":{"line":2,"column":24}}},"s":{"0":1,"1":1},"branchMap":{},"b":{},"fnMap":{},"f":{}}
,"/home/spuxx/dev/jslibs/packages/nest-testing/src/container/test-container.ts": {"path":"/home/spuxx/dev/jslibs/packages/nest-testing/src/container/test-container.ts","all":false,"statementMap":{"0":{"start":{"line":1,"column":0},"end":{"line":1,"column":50}},"1":{"start":{"line":2,"column":0},"end":{"line":2,"column":54}},"3":{"start":{"line":4,"column":0},"end":{"line":4,"column":75}},"4":{"start":{"line":5,"column":0},"end":{"line":5,"column":41}},"5":{"start":{"line":6,"column":0},"end":{"line":6,"column":69}},"6":{"start":{"line":7,"column":0},"end":{"line":7,"column":48}},"10":{"start":{"line":11,"column":0},"end":{"line":11,"column":3}},"30":{"start":{"line":31,"column":0},"end":{"line":31,"column":3}},"31":{"start":{"line":32,"column":0},"end":{"line":32,"column":28}},"32":{"start":{"line":33,"column":0},"end":{"line":33,"column":5}},"35":{"start":{"line":36,"column":0},"end":{"line":36,"column":5}},"36":{"start":{"line":37,"column":0},"end":{"line":37,"column":24}},"37":{"start":{"line":38,"column":0},"end":{"line":38,"column":5}},"40":{"start":{"line":41,"column":0},"end":{"line":41,"column":5}},"41":{"start":{"line":42,"column":0},"end":{"line":42,"column":25}},"42":{"start":{"line":43,"column":0},"end":{"line":43,"column":5}},"45":{"start":{"line":46,"column":0},"end":{"line":46,"column":5}},"46":{"start":{"line":47,"column":0},"end":{"line":47,"column":24}},"48":{"start":{"line":49,"column":0},"end":{"line":49,"column":22}},"49":{"start":{"line":50,"column":0},"end":{"line":50,"column":45}},"50":{"start":{"line":51,"column":0},"end":{"line":51,"column":53}},"51":{"start":{"line":52,"column":0},"end":{"line":52,"column":5}},"52":{"start":{"line":53,"column":0},"end":{"line":53,"column":30}},"53":{"start":{"line":54,"column":0},"end":{"line":54,"column":39}},"54":{"start":{"line":55,"column":0},"end":{"line":55,"column":3}},"56":{"start":{"line":57,"column":0},"end":{"line":57,"column":5}},"67":{"start":{"line":68,"column":0},"end":{"line":68,"column":5}},"68":{"start":{"line":69,"column":0},"end":{"line":69,"column":54}},"69":{"start":{"line":70,"column":0},"end":{"line":70,"column":86}},"70":{"start":{"line":71,"column":0},"end":{"line":71,"column":18}},"71":{"start":{"line":72,"column":0},"end":{"line":72,"column":22}},"72":{"start":{"line":73,"column":0},"end":{"line":73,"column":20}},"73":{"start":{"line":74,"column":0},"end":{"line":74,"column":17}},"74":{"start":{"line":75,"column":0},"end":{"line":75,"column":6}},"76":{"start":{"line":77,"column":0},"end":{"line":77,"column":42}},"77":{"start":{"line":78,"column":0},"end":{"line":78,"column":48}},"79":{"start":{"line":80,"column":0},"end":{"line":80,"column":51}},"80":{"start":{"line":81,"column":0},"end":{"line":81,"column":44}},"81":{"start":{"line":82,"column":0},"end":{"line":82,"column":14}},"82":{"start":{"line":83,"column":0},"end":{"line":83,"column":18}},"83":{"start":{"line":84,"column":0},"end":{"line":84,"column":16}},"84":{"start":{"line":85,"column":0},"end":{"line":85,"column":7}},"86":{"start":{"line":87,"column":0},"end":{"line":87,"column":79}},"87":{"start":{"line":88,"column":0},"end":{"line":88,"column":17}},"88":{"start":{"line":89,"column":0},"end":{"line":89,"column":42}},"89":{"start":{"line":90,"column":0},"end":{"line":90,"column":5}},"91":{"start":{"line":92,"column":0},"end":{"line":92,"column":25}},"92":{"start":{"line":93,"column":0},"end":{"line":93,"column":43}},"94":{"start":{"line":95,"column":0},"end":{"line":95,"column":45}},"95":{"start":{"line":96,"column":0},"end":{"line":96,"column":42}},"96":{"start":{"line":97,"column":0},"end":{"line":97,"column":41}},"97":{"start":{"line":98,"column":0},"end":{"line":98,"column":25}},"98":{"start":{"line":99,"column":0},"end":{"line":99,"column":56}},"99":{"start":{"line":100,"column":0},"end":{"line":100,"column":54}},"101":{"start":{"line":102,"column":0},"end":{"line":102,"column":54}},"102":{"start":{"line":103,"column":0},"end":{"line":103,"column":11}},"103":{"start":{"line":104,"column":0},"end":{"line":104,"column":65}},"104":{"start":{"line":105,"column":0},"end":{"line":105,"column":89}},"105":{"start":{"line":106,"column":0},"end":{"line":106,"column":68}},"106":{"start":{"line":107,"column":0},"end":{"line":107,"column":23}},"107":{"start":{"line":108,"column":0},"end":{"line":108,"column":73}},"108":{"start":{"line":109,"column":0},"end":{"line":109,"column":7}},"109":{"start":{"line":110,"column":0},"end":{"line":110,"column":5}},"111":{"start":{"line":112,"column":0},"end":{"line":112,"column":32}},"112":{"start":{"line":113,"column":0},"end":{"line":113,"column":70}},"113":{"start":{"line":114,"column":0},"end":{"line":114,"column":3}},"114":{"start":{"line":115,"column":0},"end":{"line":115,"column":1}}},"s":{"0":1,"1":1,"3":1,"4":1,"5":1,"6":1,"10":1,"30":1,"31":1,"32":1,"35":1,"36":1,"37":14,"40":14,"41":14,"42":14,"45":14,"46":14,"48":1,"49":14,"50":14,"51":14,"52":14,"53":14,"54":14,"56":1,"67":1,"68":1,"69":14,"70":14,"71":14,"72":14,"73":14,"74":14,"76":14,"77":14,"79":14,"80":14,"81":14,"82":14,"83":14,"84":14,"86":14,"87":14,"88":0,"89":0,"91":14,"92":14,"94":14,"95":14,"96":14,"97":14,"98":12,"99":12,"101":12,"102":12,"103":12,"104":12,"105":12,"106":12,"107":2,"108":2,"109":12,"111":14,"112":14,"113":14,"114":1},"branchMap":{"0":{"type":"branch","line":37,"loc":{"start":{"line":37,"column":2},"end":{"line":47,"column":24}},"locations":[{"start":{"line":37,"column":2},"end":{"line":47,"column":24}}]},"1":{"type":"branch","line":49,"loc":{"start":{"line":49,"column":2},"end":{"line":55,"column":3}},"locations":[{"start":{"line":49,"column":2},"end":{"line":55,"column":3}}]},"2":{"type":"branch","line":54,"loc":{"start":{"line":54,"column":21},"end":{"line":54,"column":39}},"locations":[{"start":{"line":54,"column":21},"end":{"line":54,"column":39}}]},"3":{"type":"branch","line":69,"loc":{"start":{"line":69,"column":2},"end":{"line":114,"column":3}},"locations":[{"start":{"line":69,"column":2},"end":{"line":114,"column":3}}]},"4":{"type":"branch","line":88,"loc":{"start":{"line":88,"column":16},"end":{"line":90,"column":5}},"locations":[{"start":{"line":88,"column":16},"end":{"line":90,"column":5}}]},"5":{"type":"branch","line":98,"loc":{"start":{"line":98,"column":24},"end":{"line":110,"column":5}},"locations":[{"start":{"line":98,"column":24},"end":{"line":110,"column":5}}]},"6":{"type":"branch","line":106,"loc":{"start":{"line":106,"column":55},"end":{"line":107,"column":8}},"locations":[{"start":{"line":106,"column":55},"end":{"line":107,"column":8}}]},"7":{"type":"branch","line":107,"loc":{"start":{"line":107,"column":8},"end":{"line":109,"column":7}},"locations":[{"start":{"line":107,"column":8},"end":{"line":109,"column":7}}]},"8":{"type":"branch","line":105,"loc":{"start":{"line":105,"column":21},"end":{"line":105,"column":89}},"locations":[{"start":{"line":105,"column":21},"end":{"line":105,"column":89}}]}},"b":{"0":[14],"1":[14],"2":[1],"3":[14],"4":[0],"5":[12],"6":[10],"7":[2],"8":[10]},"fnMap":{"0":{"name":"<instance_members_initializer>","decl":{"start":{"line":37,"column":2},"end":{"line":47,"column":24}},"loc":{"start":{"line":37,"column":2},"end":{"line":47,"column":24}},"line":37},"1":{"name":"TestContainer","decl":{"start":{"line":49,"column":2},"end":{"line":55,"column":3}},"loc":{"start":{"line":49,"column":2},"end":{"line":55,"column":3}},"line":49},"2":{"name":"create","decl":{"start":{"line":69,"column":2},"end":{"line":114,"column":3}},"loc":{"start":{"line":69,"column":2},"end":{"line":114,"column":3}},"line":69},"3":{"name":"auth","decl":{"start":{"line":105,"column":21},"end":{"line":105,"column":89}},"loc":{"start":{"line":105,"column":21},"end":{"line":105,"column":89}},"line":105}},"f":{"0":14,"1":14,"2":14,"3":10}}
,"/home/spuxx/dev/jslibs/packages/nest-testing/src/container/types.ts": {"path":"/home/spuxx/dev/jslibs/packages/nest-testing/src/container/types.ts","all":false,"statementMap":{"4":{"start":{"line":5,"column":0},"end":{"line":5,"column":3}},"6":{"start":{"line":7,"column":0},"end":{"line":7,"column":3}},"8":{"start":{"line":9,"column":0},"end":{"line":9,"column":5}},"10":{"start":{"line":11,"column":0},"end":{"line":11,"column":5}},"12":{"start":{"line":13,"column":0},"end":{"line":13,"column":5}},"14":{"start":{"line":15,"column":0},"end":{"line":15,"column":5}},"16":{"start":{"line":17,"column":0},"end":{"line":17,"column":5}},"18":{"start":{"line":19,"column":0},"end":{"line":19,"column":5}},"20":{"start":{"line":21,"column":0},"end":{"line":21,"column":5}},"22":{"start":{"line":23,"column":0},"end":{"line":23,"column":5}},"24":{"start":{"line":25,"column":0},"end":{"line":25,"column":5}},"27":{"start":{"line":28,"column":0},"end":{"line":28,"column":5}},"29":{"start":{"line":30,"column":0},"end":{"line":30,"column":5}},"34":{"start":{"line":35,"column":0},"end":{"line":35,"column":5}},"36":{"start":{"line":37,"column":0},"end":{"line":37,"column":5}},"39":{"start":{"line":40,"column":0},"end":{"line":40,"column":5}},"41":{"start":{"line":42,"column":0},"end":{"line":42,"column":1}}},"s":{"4":1,"6":1,"8":1,"10":1,"12":1,"14":1,"16":1,"18":1,"20":1,"22":1,"24":1,"27":1,"29":1,"34":1,"36":1,"39":1,"41":1},"branchMap":{},"b":{},"fnMap":{},"f":{}}
,"/home/spuxx/dev/jslibs/packages/nest-testing/src/container/private/auth.ts": {"path":"/home/spuxx/dev/jslibs/packages/nest-testing/src/container/private/auth.ts","all":false,"statementMap":{"0":{"start":{"line":1,"column":0},"end":{"line":1,"column":100}},"3":{"start":{"line":4,"column":0},"end":{"line":4,"column":32}},"6":{"start":{"line":7,"column":0},"end":{"line":7,"column":59}},"7":{"start":{"line":8,"column":0},"end":{"line":8,"column":56}},"8":{"start":{"line":9,"column":0},"end":{"line":9,"column":53}},"9":{"start":{"line":10,"column":0},"end":{"line":10,"column":22}},"10":{"start":{"line":11,"column":0},"end":{"line":11,"column":84}},"11":{"start":{"line":12,"column":0},"end":{"line":12,"column":18}},"12":{"start":{"line":13,"column":0},"end":{"line":13,"column":71}},"13":{"start":{"line":14,"column":0},"end":{"line":14,"column":22}},"14":{"start":{"line":15,"column":0},"end":{"line":15,"column":52}},"15":{"start":{"line":16,"column":0},"end":{"line":16,"column":8}},"16":{"start":{"line":17,"column":0},"end":{"line":17,"column":12}},"17":{"start":{"line":18,"column":0},"end":{"line":18,"column":18}},"18":{"start":{"line":19,"column":0},"end":{"line":19,"column":37}},"19":{"start":{"line":20,"column":0},"end":{"line":20,"column":24}},"20":{"start":{"line":21,"column":0},"end":{"line":21,"column":45}},"21":{"start":{"line":22,"column":0},"end":{"line":22,"column":8}},"22":{"start":{"line":23,"column":0},"end":{"line":23,"column":5}},"23":{"start":{"line":24,"column":0},"end":{"line":24,"column":16}},"24":{"start":{"line":25,"column":0},"end":{"line":25,"column":36}},"25":{"start":{"line":26,"column":0},"end":{"line":26,"column":31}},"26":{"start":{"line":27,"column":0},"end":{"line":27,"column":9}},"27":{"start":{"line":28,"column":0},"end":{"line":28,"column":37}},"28":{"start":{"line":29,"column":0},"end":{"line":29,"column":31}},"29":{"start":{"line":30,"column":0},"end":{"line":30,"column":9}},"30":{"start":{"line":31,"column":0},"end":{"line":31,"column":28}},"31":{"start":{"line":32,"column":0},"end":{"line":32,"column":6}},"32":{"start":{"line":33,"column":0},"end":{"line":33,"column":11}},"33":{"start":{"line":34,"column":0},"end":{"line":34,"column":3}},"34":{"start":{"line":35,"column":0},"end":{"line":35,"column":1}},"37":{"start":{"line":38,"column":0},"end":{"line":38,"column":51}},"38":{"start":{"line":39,"column":0},"end":{"line":39,"column":43}},"39":{"start":{"line":40,"column":0},"end":{"line":40,"column":54}},"40":{"start":{"line":41,"column":0},"end":{"line":41,"column":3}},"41":{"start":{"line":42,"column":0},"end":{"line":42,"column":1}}},"s":{"0":1,"3":1,"6":1,"7":1,"8":9,"9":9,"10":3,"11":3,"12":3,"13":3,"14":3,"15":3,"16":6,"17":6,"18":6,"19":6,"20":6,"21":6,"22":6,"23":9,"24":9,"25":0,"26":0,"27":9,"28":0,"29":0,"30":9,"31":9,"32":9,"33":9,"34":1,"37":1,"38":1,"39":12,"40":12,"41":1},"branchMap":{"0":{"type":"branch","line":8,"loc":{"start":{"line":8,"column":2},"end":{"line":34,"column":3}},"locations":[{"start":{"line":8,"column":2},"end":{"line":34,"column":3}}]},"1":{"type":"branch","line":10,"loc":{"start":{"line":10,"column":21},"end":{"line":23,"column":5}},"locations":[{"start":{"line":10,"column":21},"end":{"line":23,"column":5}}]},"2":{"type":"branch","line":10,"loc":{"start":{"line":10,"column":21},"end":{"line":17,"column":11}},"locations":[{"start":{"line":10,"column":21},"end":{"line":17,"column":11}}]},"3":{"type":"branch","line":13,"loc":{"start":{"line":13,"column":25},"end":{"line":13,"column":71}},"locations":[{"start":{"line":13,"column":25},"end":{"line":13,"column":71}}]},"4":{"type":"branch","line":13,"loc":{"start":{"line":13,"column":57},"end":{"line":13,"column":71}},"locations":[{"start":{"line":13,"column":57},"end":{"line":13,"column":71}}]},"5":{"type":"branch","line":19,"loc":{"start":{"line":19,"column":25},"end":{"line":19,"column":37}},"locations":[{"start":{"line":19,"column":25},"end":{"line":19,"column":37}}]},"6":{"type":"branch","line":39,"loc":{"start":{"line":39,"column":2},"end":{"line":41,"column":3}},"locations":[{"start":{"line":39,"column":2},"end":{"line":41,"column":3}}]}},"b":{"0":[9],"1":[6],"2":[3],"3":[3],"4":[0],"5":[2],"6":[12]},"fnMap":{"0":{"name":"use","decl":{"start":{"line":8,"column":2},"end":{"line":34,"column":3}},"loc":{"start":{"line":8,"column":2},"end":{"line":34,"column":3}},"line":8},"1":{"name":"isAuthenticated","decl":{"start":{"line":13,"column":25},"end":{"line":13,"column":71}},"loc":{"start":{"line":13,"column":25},"end":{"line":13,"column":71}},"line":13},"2":{"name":"fetchUserInfo","decl":{"start":{"line":15,"column":23},"end":{"line":15,"column":52}},"loc":{"start":{"line":15,"column":23},"end":{"line":15,"column":52}},"line":15},"3":{"name":"isAuthenticated","decl":{"start":{"line":19,"column":25},"end":{"line":19,"column":37}},"loc":{"start":{"line":19,"column":25},"end":{"line":19,"column":37}},"line":19},"4":{"name":"fetchUserInfo","decl":{"start":{"line":21,"column":23},"end":{"line":21,"column":45}},"loc":{"start":{"line":21,"column":23},"end":{"line":21,"column":45}},"line":21},"5":{"name":"configure","decl":{"start":{"line":39,"column":2},"end":{"line":41,"column":3}},"loc":{"start":{"line":39,"column":2},"end":{"line":41,"column":3}},"line":39}},"f":{"0":9,"1":3,"2":0,"3":2,"4":0,"5":12}}
,"/home/spuxx/dev/jslibs/packages/nest-testing/src/container/private/end-to-end.ts": {"path":"/home/spuxx/dev/jslibs/packages/nest-testing/src/container/private/end-to-end.ts","all":false,"statementMap":{"3":{"start":{"line":4,"column":0},"end":{"line":4,"column":3}},"8":{"start":{"line":9,"column":0},"end":{"line":9,"column":3}},"9":{"start":{"line":10,"column":0},"end":{"line":10,"column":52}},"10":{"start":{"line":11,"column":0},"end":{"line":11,"column":24}},"12":{"start":{"line":13,"column":0},"end":{"line":13,"column":45}},"13":{"start":{"line":14,"column":0},"end":{"line":14,"column":19}},"14":{"start":{"line":15,"column":0},"end":{"line":15,"column":13}},"15":{"start":{"line":16,"column":0},"end":{"line":16,"column":2}}},"s":{"3":1,"8":1,"9":1,"10":12,"12":12,"13":12,"14":12,"15":12},"branchMap":{"0":{"type":"branch","line":10,"loc":{"start":{"line":10,"column":45},"end":{"line":16,"column":2}},"locations":[{"start":{"line":10,"column":45},"end":{"line":16,"column":2}}]}},"b":{"0":[12]},"fnMap":{"0":{"name":"createEndToEndNestApplication","decl":{"start":{"line":10,"column":45},"end":{"line":16,"column":2}},"loc":{"start":{"line":10,"column":45},"end":{"line":16,"column":2}},"line":10}},"f":{"0":12}}
,"/home/spuxx/dev/jslibs/packages/nest-testing/src/logging/index.ts": {"path":"/home/spuxx/dev/jslibs/packages/nest-testing/src/logging/index.ts","all":true,"statementMap":{"0":{"start":{"line":1,"column":0},"end":{"line":1,"column":30}}},"s":{"0":0},"branchMap":{"0":{"type":"branch","line":1,"loc":{"start":{"line":1,"column":0},"end":{"line":1,"column":30}},"locations":[{"start":{"line":1,"column":0},"end":{"line":1,"column":30}}]}},"b":{"0":[0]},"fnMap":{"0":{"name":"(empty-report)","decl":{"start":{"line":1,"column":0},"end":{"line":1,"column":30}},"loc":{"start":{"line":1,"column":0},"end":{"line":1,"column":30}},"line":1}},"f":{"0":0}}
,"/home/spuxx/dev/jslibs/packages/nest-testing/src/logging/test.logger.ts": {"path":"/home/spuxx/dev/jslibs/packages/nest-testing/src/logging/test.logger.ts","all":true,"statementMap":{"0":{"start":{"line":1,"column":0},"end":{"line":1,"column":49}},"1":{"start":{"line":2,"column":0},"end":{"line":2,"column":32}},"3":{"start":{"line":4,"column":0},"end":{"line":4,"column":3}},"16":{"start":{"line":17,"column":0},"end":{"line":17,"column":3}},"17":{"start":{"line":18,"column":0},"end":{"line":18,"column":49}},"18":{"start":{"line":19,"column":0},"end":{"line":19,"column":5}},"20":{"start":{"line":21,"column":0},"end":{"line":21,"column":5}},"21":{"start":{"line":22,"column":0},"end":{"line":22,"column":27}},"23":{"start":{"line":24,"column":0},"end":{"line":24,"column":83}},"25":{"start":{"line":26,"column":0},"end":{"line":26,"column":5}},"27":{"start":{"line":28,"column":0},"end":{"line":28,"column":5}},"28":{"start":{"line":29,"column":0},"end":{"line":29,"column":17}},"29":{"start":{"line":30,"column":0},"end":{"line":30,"column":35}},"30":{"start":{"line":31,"column":0},"end":{"line":31,"column":23}},"31":{"start":{"line":32,"column":0},"end":{"line":32,"column":4}},"32":{"start":{"line":33,"column":0},"end":{"line":33,"column":1}}},"s":{"0":0,"1":0,"3":0,"16":0,"17":0,"18":0,"20":0,"21":0,"23":0,"25":0,"27":0,"28":0,"29":0,"30":0,"31":0,"32":0},"branchMap":{"0":{"type":"branch","line":1,"loc":{"start":{"line":1,"column":0},"end":{"line":33,"column":-171}},"locations":[{"start":{"line":1,"column":0},"end":{"line":33,"column":-171}}]}},"b":{"0":[0]},"fnMap":{"0":{"name":"(empty-report)","decl":{"start":{"line":1,"column":0},"end":{"line":33,"column":-171}},"loc":{"start":{"line":1,"column":0},"end":{"line":33,"column":-171}},"line":1}},"f":{"0":0}}
,"/home/spuxx/dev/jslibs/packages/nest-testing/src/supertest/index.ts": {"path":"/home/spuxx/dev/jslibs/packages/nest-testing/src/supertest/index.ts","all":false,"statementMap":{"0":{"start":{"line":1,"column":0},"end":{"line":1,"column":28}},"1":{"start":{"line":2,"column":0},"end":{"line":2,"column":24}}},"s":{"0":1,"1":1},"branchMap":{},"b":{},"fnMap":{},"f":{}}
,"/home/spuxx/dev/jslibs/packages/nest-testing/src/supertest/supertest.ts": {"path":"/home/spuxx/dev/jslibs/packages/nest-testing/src/supertest/supertest.ts","all":false,"statementMap":{"0":{"start":{"line":1,"column":0},"end":{"line":1,"column":55}},"2":{"start":{"line":3,"column":0},"end":{"line":3,"column":47}},"6":{"start":{"line":7,"column":0},"end":{"line":7,"column":3}},"23":{"start":{"line":24,"column":0},"end":{"line":24,"column":3}},"24":{"start":{"line":25,"column":0},"end":{"line":25,"column":24}},"25":{"start":{"line":26,"column":0},"end":{"line":26,"column":14}},"26":{"start":{"line":27,"column":0},"end":{"line":27,"column":43}},"27":{"start":{"line":28,"column":0},"end":{"line":28,"column":56}},"28":{"start":{"line":29,"column":0},"end":{"line":29,"column":6}},"30":{"start":{"line":31,"column":0},"end":{"line":31,"column":5}},"35":{"start":{"line":36,"column":0},"end":{"line":36,"column":5}},"36":{"start":{"line":37,"column":0},"end":{"line":37,"column":57}},"37":{"start":{"line":38,"column":0},"end":{"line":38,"column":61}},"38":{"start":{"line":39,"column":0},"end":{"line":39,"column":40}},"39":{"start":{"line":40,"column":0},"end":{"line":40,"column":19}},"40":{"start":{"line":41,"column":0},"end":{"line":41,"column":3}},"42":{"start":{"line":43,"column":0},"end":{"line":43,"column":5}},"47":{"start":{"line":48,"column":0},"end":{"line":48,"column":5}},"48":{"start":{"line":49,"column":0},"end":{"line":49,"column":58}},"49":{"start":{"line":50,"column":0},"end":{"line":50,"column":62}},"50":{"start":{"line":51,"column":0},"end":{"line":51,"column":40}},"51":{"start":{"line":52,"column":0},"end":{"line":52,"column":19}},"52":{"start":{"line":53,"column":0},"end":{"line":53,"column":3}},"54":{"start":{"line":55,"column":0},"end":{"line":55,"column":5}},"59":{"start":{"line":60,"column":0},"end":{"line":60,"column":5}},"60":{"start":{"line":61,"column":0},"end":{"line":61,"column":57}},"61":{"start":{"line":62,"column":0},"end":{"line":62,"column":61}},"62":{"start":{"line":63,"column":0},"end":{"line":63,"column":40}},"63":{"start":{"line":64,"column":0},"end":{"line":64,"column":19}},"64":{"start":{"line":65,"column":0},"end":{"line":65,"column":3}},"66":{"start":{"line":67,"column":0},"end":{"line":67,"column":5}},"71":{"start":{"line":72,"column":0},"end":{"line":72,"column":5}},"72":{"start":{"line":73,"column":0},"end":{"line":73,"column":59}},"73":{"start":{"line":74,"column":0},"end":{"line":74,"column":63}},"74":{"start":{"line":75,"column":0},"end":{"line":75,"column":40}},"75":{"start":{"line":76,"column":0},"end":{"line":76,"column":19}},"76":{"start":{"line":77,"column":0},"end":{"line":77,"column":3}},"78":{"start":{"line":79,"column":0},"end":{"line":79,"column":5}},"83":{"start":{"line":84,"column":0},"end":{"line":84,"column":5}},"84":{"start":{"line":85,"column":0},"end":{"line":85,"column":60}},"85":{"start":{"line":86,"column":0},"end":{"line":86,"column":64}},"86":{"start":{"line":87,"column":0},"end":{"line":87,"column":40}},"87":{"start":{"line":88,"column":0},"end":{"line":88,"column":19}},"88":{"start":{"line":89,"column":0},"end":{"line":89,"column":3}},"90":{"start":{"line":91,"column":0},"end":{"line":91,"column":5}},"95":{"start":{"line":96,"column":0},"end":{"line":96,"column":5}},"96":{"start":{"line":97,"column":0},"end":{"line":97,"column":61}},"97":{"start":{"line":98,"column":0},"end":{"line":98,"column":65}},"98":{"start":{"line":99,"column":0},"end":{"line":99,"column":40}},"99":{"start":{"line":100,"column":0},"end":{"line":100,"column":19}},"100":{"start":{"line":101,"column":0},"end":{"line":101,"column":3}},"102":{"start":{"line":103,"column":0},"end":{"line":103,"column":24}},"103":{"start":{"line":104,"column":0},"end":{"line":104,"column":36}},"104":{"start":{"line":105,"column":0},"end":{"line":105,"column":3}},"106":{"start":{"line":107,"column":0},"end":{"line":107,"column":70}},"107":{"start":{"line":108,"column":0},"end":{"line":108,"column":68}},"108":{"start":{"line":109,"column":0},"end":{"line":109,"column":72}},"109":{"start":{"line":110,"column":0},"end":{"line":110,"column":33}},"110":{"start":{"line":111,"column":0},"end":{"line":111,"column":3}},"111":{"start":{"line":112,"column":0},"end":{"line":112,"column":1}}},"s":{"0":1,"2":1,"6":1,"23":1,"24":1,"25":1,"26":13,"27":13,"28":13,"30":1,"35":1,"36":1,"37":11,"38":11,"39":11,"40":11,"42":1,"47":1,"48":1,"49":0,"50":0,"51":0,"52":0,"54":1,"59":1,"60":1,"61":0,"62":0,"63":0,"64":0,"66":1,"71":1,"72":1,"73":0,"74":0,"75":0,"76":0,"78":1,"83":1,"84":1,"85":0,"86":0,"87":0,"88":0,"90":1,"95":1,"96":1,"97":0,"98":0,"99":0,"100":0,"102":1,"103":11,"104":11,"106":1,"107":11,"108":11,"109":11,"110":11,"111":1},"branchMap":{"0":{"type":"branch","line":26,"loc":{"start":{"line":26,"column":2},"end":{"line":29,"column":6}},"locations":[{"start":{"line":26,"column":2},"end":{"line":29,"column":6}}]},"1":{"type":"branch","line":37,"loc":{"start":{"line":37,"column":2},"end":{"line":41,"column":3}},"locations":[{"start":{"line":37,"column":2},"end":{"line":41,"column":3}}]},"2":{"type":"branch","line":103,"loc":{"start":{"line":103,"column":2},"end":{"line":105,"column":3}},"locations":[{"start":{"line":103,"column":2},"end":{"line":105,"column":3}}]},"3":{"type":"branch","line":107,"loc":{"start":{"line":107,"column":10},"end":{"line":111,"column":3}},"locations":[{"start":{"line":107,"column":10},"end":{"line":111,"column":3}}]},"4":{"type":"branch","line":109,"loc":{"start":{"line":109,"column":17},"end":{"line":109,"column":72}},"locations":[{"start":{"line":109,"column":17},"end":{"line":109,"column":72}}]},"5":{"type":"branch","line":110,"loc":{"start":{"line":110,"column":14},"end":{"line":110,"column":33}},"locations":[{"start":{"line":110,"column":14},"end":{"line":110,"column":33}}]}},"b":{"0":[13],"1":[11],"2":[11],"3":[11],"4":[4],"5":[0]},"fnMap":{"0":{"name":"Supertest","decl":{"start":{"line":26,"column":2},"end":{"line":29,"column":6}},"loc":{"start":{"line":26,"column":2},"end":{"line":29,"column":6}},"line":26},"1":{"name":"get","decl":{"start":{"line":37,"column":2},"end":{"line":41,"column":3}},"loc":{"start":{"line":37,"column":2},"end":{"line":41,"column":3}},"line":37},"2":{"name":"post","decl":{"start":{"line":49,"column":2},"end":{"line":53,"column":3}},"loc":{"start":{"line":49,"column":2},"end":{"line":53,"column":3}},"line":49},"3":{"name":"put","decl":{"start":{"line":61,"column":2},"end":{"line":65,"column":3}},"loc":{"start":{"line":61,"column":2},"end":{"line":65,"column":3}},"line":61},"4":{"name":"patch","decl":{"start":{"line":73,"column":2},"end":{"line":77,"column":3}},"loc":{"start":{"line":73,"column":2},"end":{"line":77,"column":3}},"line":73},"5":{"name":"delete","decl":{"start":{"line":85,"column":2},"end":{"line":89,"column":3}},"loc":{"start":{"line":85,"column":2},"end":{"line":89,"column":3}},"line":85},"6":{"name":"options","decl":{"start":{"line":97,"column":2},"end":{"line":101,"column":3}},"loc":{"start":{"line":97,"column":2},"end":{"line":101,"column":3}},"line":97},"7":{"name":"get server","decl":{"start":{"line":103,"column":2},"end":{"line":105,"column":3}},"loc":{"start":{"line":103,"column":2},"end":{"line":105,"column":3}},"line":103},"8":{"name":"setupRequest","decl":{"start":{"line":107,"column":10},"end":{"line":111,"column":3}},"loc":{"start":{"line":107,"column":10},"end":{"line":111,"column":3}},"line":107}},"f":{"0":13,"1":11,"2":0,"3":0,"4":0,"5":0,"6":0,"7":11,"8":11}}
,"/home/spuxx/dev/jslibs/packages/nest-testing/src/supertest/types.ts": {"path":"/home/spuxx/dev/jslibs/packages/nest-testing/src/supertest/types.ts","all":false,"statementMap":{"3":{"start":{"line":4,"column":0},"end":{"line":4,"column":5}},"6":{"start":{"line":7,"column":0},"end":{"line":7,"column":5}},"8":{"start":{"line":9,"column":0},"end":{"line":9,"column":5}},"10":{"start":{"line":11,"column":0},"end":{"line":11,"column":5}},"12":{"start":{"line":13,"column":0},"end":{"line":13,"column":1}}},"s":{"3":1,"6":1,"8":1,"10":1,"12":1},"branchMap":{},"b":{},"fnMap":{},"f":{}}
}
